[0507/182620.565:INFO:CONSOLE(0)] "Error with Permissions-Policy header: Feature xr-spatial-tracking's parameters are ignored.", source:  (0)
[0507/182620.565:INFO:CONSOLE(0)] "Error with Permissions-Policy header: Origin trial controlled feature not enabled: 'attribution-reporting'.", source:  (0)
[0507/182620.565:INFO:CONSOLE(0)] "Error with Permissions-Policy header: Unrecognized feature: 'compute-pressure'.", source:  (0)
[0507/182620.565:INFO:CONSOLE(0)] "Error with Permissions-Policy header: Origin trial controlled feature not enabled: 'interest-cohort'.", source:  (0)
[0507/182620.565:INFO:CONSOLE(0)] "Error with Permissions-Policy header: Unrecognized feature: 'private-state-token-issuance'.", source:  (0)
[0507/182620.565:INFO:CONSOLE(0)] "Error with Permissions-Policy header: Origin trial controlled feature not enabled: 'shared-storage'.", source:  (0)
[0507/182620.565:INFO:CONSOLE(0)] "Error with Permissions-Policy header: Unrecognized feature: 'shared-storage-select-url'.", source:  (0)
[0507/182620.565:INFO:CONSOLE(0)] "Error with Permissions-Policy header: Unrecognized feature: 'private-state-token-redemption'.", source:  (0)
[0507/182620.565:INFO:CONSOLE(0)] "Error with Permissions-Policy header: Unrecognized feature: 'unload'.", source:  (0)
[0507/182620.565:INFO:CONSOLE(0)] "Error with Permissions-Policy header: Unrecognized feature: 'window-management'.", source:  (0)
[0507/182620.567:WARNING:backend_impl.cc(1816)] Destroying invalid entry.
[0507/182620.567:WARNING:backend_impl.cc(1816)] Destroying invalid entry.
[0507/182620.567:WARNING:backend_impl.cc(1816)] Destroying invalid entry.
[0507/182620.568:WARNING:backend_impl.cc(1816)] Destroying invalid entry.
[0507/182620.568:WARNING:backend_impl.cc(1816)] Destroying invalid entry.
[0507/182620.568:WARNING:backend_impl.cc(1816)] Destroying invalid entry.
[0507/182620.568:WARNING:backend_impl.cc(1816)] Destroying invalid entry.
[0507/182620.568:WARNING:backend_impl.cc(1816)] Destroying invalid entry.
[0507/182620.568:WARNING:backend_impl.cc(1816)] Destroying invalid entry.
[0507/182620.568:WARNING:backend_impl.cc(1816)] Destroying invalid entry.
[0507/182620.568:WARNING:backend_impl.cc(1816)] Destroying invalid entry.
[0507/182620.569:WARNING:backend_impl.cc(1816)] Destroying invalid entry.
[0507/182620.569:WARNING:backend_impl.cc(1816)] Destroying invalid entry.
[0507/182620.608:WARNING:backend_impl.cc(1816)] Destroying invalid entry.
[0507/182621.837:INFO:CONSOLE(157)] "Event handler of 'x-storagemutated-1' event must be added on the initial evaluation of worker script.", source: https://static.whatsapp.net/rsrc.php/v4/yZ/r/rffRnum0FbU.js (157)
[0507/182652.710:INFO:CONSOLE(157)] "Event handler of 'x-storagemutated-1' event must be added on the initial evaluation of worker script.", source: https://static.whatsapp.net/rsrc.php/v4/yZ/r/rffRnum0FbU.js (157)
